21:28:09 **** Incremental Build of configuration x86_64-debug for project des_inputs ****
make -j7 all 
make: Nothing to be done for 'all'.
22:33:20 **** Incremental Build of configuration x86_64-debug for project des_display ****
make -j7 all 
qcc -Vgcc_ntox86_64 -c -Wp,-MMD,build/x86_64-debug/src/des_display.d,-MT,build/x86_64-debug/src/des_display.o -o build/x86_64-debug/src/des_display.o  -Wall -fmessage-length=0 -g -O0 -fno-builtin  src/des_display.c
qcc -Vgcc_ntox86_64 -o build/x86_64-debug/des_display   build/x86_64-debug/src/des_display.o  
22:42:17 **** Incremental Build of configuration x86_64-debug for project des_display ****
make -j7 all 
qcc -Vgcc_ntox86_64 -c -Wp,-MMD,build/x86_64-debug/src/des_display.d,-MT,build/x86_64-debug/src/des_display.o -o build/x86_64-debug/src/des_display.o  -Wall -fmessage-length=0 -g -O0 -fno-builtin  src/des_display.c
qcc -Vgcc_ntox86_64 -o build/x86_64-debug/des_display   build/x86_64-debug/src/des_display.o  
22:42:23 **** Incremental Build of configuration x86_64-debug for project des_display ****
make -j7 all 
make: Nothing to be done for 'all'.
22:45:42 **** Incremental Build of configuration x86_64-debug for project des_display ****
make -j7 all 
make: Nothing to be done for 'all'.
22:50:33 **** Incremental Build of configuration x86_64-debug for project des_controller ****
make -j7 all 
make: Nothing to be done for 'all'.
22:51:16 **** Incremental Build of configuration x86_64-debug for project des_inputs ****
make -j7 all 
make: Nothing to be done for 'all'.
